npm verbose cli /home/lumi/.nvm/versions/node/v24.16.0/bin/node /home/lumi/.nvm/versions/node/v24.16.0/bin/npm
npm info using npm@11.13.0
npm info using node@v24.16.0
npm verbose title npm install
npm verbose argv "install" "--no-audit" "--no-fund" "--loglevel" "verbose"
npm verbose logfile logs-max:10 dir:/home/lumi/.npm/_logs/2026-07-06T20_33_17_125Z-
npm verbose logfile /home/lumi/.npm/_logs/2026-07-06T20_33_17_125Z-debug-0.log
npm http cache https://registry.npmjs.org/framer-motion 56ms (cache hit)
npm http cache https://registry.npmjs.org/@emotion%2fis-prop-valid 14ms (cache hit)
npm http cache https://registry.npmjs.org/react 21ms (cache hit)
npm http cache https://registry.npmjs.org/react-dom 34ms (cache hit)
npm http cache https://registry.npmjs.org/lucide-react 18ms (cache hit)
npm http cache https://registry.npmjs.org/next 115ms (cache hit)
npm http cache https://registry.npmjs.org/@opentelemetry%2fapi 4ms (cache hit)
npm http cache https://registry.npmjs.org/@playwright%2ftest 26ms (cache hit)
npm http cache https://registry.npmjs.org/sass 25ms (cache hit)
npm http cache https://registry.npmjs.org/@types%2fnode 35ms (cache hit)
npm http cache https://registry.npmjs.org/@types%2freact 8ms (cache hit)
npm http cache https://registry.npmjs.org/@types%2freact-dom 7ms (cache hit)
npm http cache https://registry.npmjs.org/autoprefixer 12ms (cache hit)
npm http cache https://registry.npmjs.org/postcss 6ms (cache hit)
npm http cache https://registry.npmjs.org/eslint 14ms (cache hit)
npm http cache https://registry.npmjs.org/eslint-config-next 25ms (cache hit)
npm http cache https://registry.npmjs.org/typescript 41ms (cache hit)
npm http cache https://registry.npmjs.org/tailwindcss 29ms (cache hit)
npm http cache https://registry.npmjs.org/undici-types 9ms (cache hit)
npm http cache https://registry.npmjs.org/@types%2fprop-types 13ms (cache hit)
npm http cache https://registry.npmjs.org/picocolors 14ms (cache hit)
npm http cache https://registry.npmjs.org/fraction.js 16ms (cache hit)
npm http cache https://registry.npmjs.org/browserslist 21ms (cache hit)
npm http cache https://registry.npmjs.org/csstype 31ms (cache hit)
npm http cache https://registry.npmjs.org/caniuse-lite 44ms (cache hit)
npm http cache https://registry.npmjs.org/postcss-value-parser 88ms (cache hit)
npm http cache https://registry.npmjs.org/nanoid 89ms (cache hit)
npm http cache https://registry.npmjs.org/levn 80ms (cache hit)
npm http cache https://registry.npmjs.org/debug 49ms (cache hit)
npm http cache https://registry.npmjs.org/chalk 79ms (cache hit)
npm http cache https://registry.npmjs.org/espree 20ms (cache hit)
npm http cache https://registry.npmjs.org/esquery 16ms (cache hit)
npm http cache https://registry.npmjs.org/ignore 20ms (cache hit)
npm http cache https://registry.npmjs.org/find-up 15ms (cache hit)
npm http cache https://registry.npmjs.org/esutils 20ms (cache hit)
npm http cache https://registry.npmjs.org/globals 16ms (cache hit)
npm http cache https://registry.npmjs.org/is-glob 18ms (cache hit)
npm http cache https://registry.npmjs.org/js-yaml 16ms (cache hit)
npm http cache https://registry.npmjs.org/doctrine 19ms (cache hit)
npm http cache https://registry.npmjs.org/graphemer 18ms (cache hit)
npm http cache https://registry.npmjs.org/optionator 9ms (cache hit)
npm http cache https://registry.npmjs.org/@eslint%2fjs 14ms (cache hit)
npm http cache https://registry.npmjs.org/minimatch 20ms (cache hit)
npm http cache https://registry.npmjs.org/strip-ansi 17ms (cache hit)
npm http cache https://registry.npmjs.org/text-table 19ms (cache hit)
npm http cache https://registry.npmjs.org/glob-parent 14ms (cache hit)
npm http cache https://registry.npmjs.org/imurmurhash 11ms (cache hit)
npm http cache https://registry.npmjs.org/cross-spawn 21ms (cache hit)
npm http cache https://registry.npmjs.org/eslint-scope 14ms (cache hit)
npm http cache https://registry.npmjs.org/lodash.merge 14ms (cache hit)
npm http cache https://registry.npmjs.org/natural-compare 10ms (cache hit)
npm http cache https://registry.npmjs.org/is-path-inside 15ms (cache hit)
npm http cache https://registry.npmjs.org/fast-deep-equal 16ms (cache hit)
npm http cache https://registry.npmjs.org/@eslint%2feslintrc 11ms (cache hit)
npm http cache https://registry.npmjs.org/@nodelib%2ffs.walk 12ms (cache hit)
npm http cache https://registry.npmjs.org/file-entry-cache 16ms (cache hit)
npm http cache https://registry.npmjs.org/eslint-visitor-keys 17ms (cache hit)
npm http cache https://registry.npmjs.org/escape-string-regexp 18ms (cache hit)
npm http cache https://registry.npmjs.org/@ungap%2fstructured-clone 16ms (cache hit)
npm http cache https://registry.npmjs.org/@eslint-community%2fregexpp 16ms (cache hit)
npm http cache https://registry.npmjs.org/@eslint-community%2feslint-utils 12ms (cache hit)
npm http cache https://registry.npmjs.org/@humanwhocodes%2fconfig-array 16ms (cache hit)
npm http cache https://registry.npmjs.org/json-stable-stringify-without-jsonify 13ms (cache hit)
npm http cache https://registry.npmjs.org/@humanwhocodes%2fmodule-importer 16ms (cache hit)
npm http cache https://registry.npmjs.org/eslint-plugin-react 15ms (cache hit)
npm http cache https://registry.npmjs.org/eslint-plugin-import 26ms (cache hit)
npm http cache https://registry.npmjs.org/eslint-plugin-jsx-a11y 33ms (cache hit)
npm http cache https://registry.npmjs.org/@rushstack%2feslint-patch 36ms (cache hit)
npm http cache https://registry.npmjs.org/eslint-import-resolver-node 10ms (cache hit)
npm http cache https://registry.npmjs.org/eslint-plugin-react-hooks 34ms (cache hit)
npm http fetch GET 200 https://registry.npmjs.org/source-map-js 345ms (cache revalidated)
npm http cache https://registry.npmjs.org/tslib 13ms (cache hit)
npm http cache https://registry.npmjs.org/eslint-import-resolver-typescript 89ms (cache hit)
npm http cache https://registry.npmjs.org/motion-dom 12ms (cache hit)
npm http cache https://registry.npmjs.org/motion-utils 13ms (cache hit)
npm http cache https://registry.npmjs.org/loose-envify 10ms (cache hit)
npm http cache https://registry.npmjs.org/busboy 14ms (cache hit)
npm http cache https://registry.npmjs.org/styled-jsx 15ms (cache hit)
npm http cache https://registry.npmjs.org/graceful-fs 10ms (cache hit)
npm http cache https://registry.npmjs.org/@swc%2fhelpers 8ms (cache hit)
npm http cache https://registry.npmjs.org/caniuse-lite 21ms (cache hit)
npm http fetch GET https://registry.npmjs.org/@typescript-eslint%2fparser attempt 1 failed with ETIMEDOUT
npm http fetch GET 200 https://registry.npmjs.org/@typescript-eslint%2feslint-plugin 366ms (cache revalidated)
npm http fetch GET 200 https://registry.npmjs.org/ajv 734ms (cache revalidated)
npm http fetch GET 200 https://registry.npmjs.org/@next%2fenv 399ms (cache revalidated)
npm http fetch GET 200 https://registry.npmjs.org/@next%2feslint-plugin-next 618ms (cache revalidated)
npm http cache https://registry.npmjs.org/@next%2fswc-win32-x64-msvc 69ms (cache hit)
npm http cache https://registry.npmjs.org/@next%2fswc-linux-arm64-gnu 59ms (cache hit)
npm http fetch GET 200 https://registry.npmjs.org/@next%2fswc-linux-x64-musl 223ms (cache revalidated)
npm http fetch GET 200 https://registry.npmjs.org/@next%2fswc-linux-x64-gnu 301ms (cache revalidated)
npm http cache https://registry.npmjs.org/@next%2fswc-win32-ia32-msvc 146ms (cache hit)
npm http cache https://registry.npmjs.org/@next%2fswc-linux-arm64-musl 131ms (cache hit)
npm http cache https://registry.npmjs.org/arg 36ms (cache hit)
npm http cache https://registry.npmjs.org/@next%2fswc-win32-arm64-msvc 113ms (cache hit)
npm http cache https://registry.npmjs.org/scheduler 110ms (cache hit)
npm http cache https://registry.npmjs.org/dlv 106ms (cache hit)
npm http cache https://registry.npmjs.org/jiti 108ms (cache hit)
npm http cache https://registry.npmjs.org/chokidar 12ms (cache hit)
npm http cache https://registry.npmjs.org/sucrase 24ms (cache hit)
npm http cache https://registry.npmjs.org/resolve 92ms (cache hit)
npm http cache https://registry.npmjs.org/didyoumean 8ms (cache hit)
npm http cache https://registry.npmjs.org/fast-glob 21ms (cache hit)
npm http cache https://registry.npmjs.org/lilconfig 20ms (cache hit)
npm http cache https://registry.npmjs.org/micromatch 11ms (cache hit)
npm http cache https://registry.npmjs.org/postcss-js 13ms (cache hit)
npm http cache https://registry.npmjs.org/object-hash 12ms (cache hit)
npm http cache https://registry.npmjs.org/normalize-path 12ms (cache hit)
npm http cache https://registry.npmjs.org/postcss-import 9ms (cache hit)
npm http cache https://registry.npmjs.org/postcss-nested 11ms (cache hit)
npm http cache https://registry.npmjs.org/postcss-load-config 8ms (cache hit)
npm http cache https://registry.npmjs.org/@alloc%2fquick-lru 11ms (cache hit)
npm http cache https://registry.npmjs.org/postcss-selector-parser 8ms (cache hit)
npm http fetch GET 200 https://registry.npmjs.org/@next%2fswc-darwin-x64 1267ms (cache revalidated)
npm http fetch GET 200 https://registry.npmjs.org/@next%2fswc-darwin-arm64 1729ms (cache revalidated)
npm http fetch GET 200 https://registry.npmjs.org/@typescript-eslint%2fparser 10429ms (cache revalidated)
npm http cache https://registry.npmjs.org/caniuse-lite 18ms (cache hit)
npm http fetch GET 200 https://registry.npmjs.org/update-browserslist-db 74ms (cache revalidated)
npm http fetch GET 200 https://registry.npmjs.org/node-releases 78ms (cache revalidated)
npm http fetch GET 200 https://registry.npmjs.org/electron-to-chromium 93ms (cache revalidated)
npm http fetch GET 200 https://registry.npmjs.org/baseline-browser-mapping 154ms (cache revalidated)
npm http fetch GET 200 https://registry.npmjs.org/escalade 83ms (cache revalidated)
npm http cache https://registry.npmjs.org/eslint 14ms (cache hit)
npm http fetch GET 200 https://registry.npmjs.org/import-fresh 88ms (cache revalidated)
npm http fetch GET 200 https://registry.npmjs.org/strip-json-comments 91ms (cache revalidated)
npm http fetch GET 200 https://registry.npmjs.org/uri-js 92ms (cache revalidated)
npm http fetch GET 200 https://registry.npmjs.org/supports-color 204ms (cache revalidated)
npm http fetch GET 200 https://registry.npmjs.org/fast-json-stable-stringify 216ms (cache revalidated)
npm http fetch GET 200 https://registry.npmjs.org/ansi-styles 216ms (cache revalidated)
npm http fetch GET 200 https://registry.npmjs.org/shebang-command 219ms (cache revalidated)
npm http fetch GET 200 https://registry.npmjs.org/which 227ms (cache revalidated)
npm http fetch GET 200 https://registry.npmjs.org/fastq 532ms (cache revalidated)
npm http fetch GET 200 https://registry.npmjs.org/path-key 228ms (cache revalidated)
npm http fetch GET 200 https://registry.npmjs.org/esrecurse 78ms (cache revalidated)
npm http fetch GET 200 https://registry.npmjs.org/estraverse 78ms (cache revalidated)
npm http fetch GET 200 https://registry.npmjs.org/ms 86ms (cache revalidated)
npm http fetch GET 200 https://registry.npmjs.org/acorn 83ms (cache revalidated)
npm http fetch GET 200 https://registry.npmjs.org/json-schema-traverse 667ms (cache revalidated)
npm http fetch GET 200 https://registry.npmjs.org/flat-cache 91ms (cache revalidated)
npm http fetch GET 200 https://registry.npmjs.org/path-exists 104ms (cache revalidated)
npm http fetch GET 200 https://registry.npmjs.org/type-fest 63ms (cache revalidated)
npm http fetch GET 200 https://registry.npmjs.org/is-extglob 94ms (cache revalidated)
npm http fetch GET 200 https://registry.npmjs.org/prelude-ls 72ms (cache revalidated)
npm http fetch GET 200 https://registry.npmjs.org/brace-expansion 73ms (cache revalidated)
npm http fetch GET 200 https://registry.npmjs.org/type-check 85ms (cache revalidated)
npm http fetch GET 200 https://registry.npmjs.org/@humanwhocodes%2fobject-schema 900ms (cache revalidated)
npm http fetch GET 200 https://registry.npmjs.org/acorn-jsx 346ms (cache revalidated)
npm http fetch GET 200 https://registry.npmjs.org/word-wrap 85ms (cache revalidated)
npm http fetch GET 200 https://registry.npmjs.org/fast-levenshtein 79ms (cache revalidated)
npm http fetch GET 200 https://registry.npmjs.org/@nodelib%2ffs.scandir 1138ms (cache revalidated)
npm http fetch GET 200 https://registry.npmjs.org/locate-path 523ms (cache revalidated)
npm http fetch GET 200 https://registry.npmjs.org/argparse 415ms (cache revalidated)
npm http fetch GET 200 https://registry.npmjs.org/ansi-regex 183ms (cache revalidated)
npm http fetch GET 200 https://registry.npmjs.org/deep-is 347ms (cache revalidated)
npm http fetch GET 200 https://registry.npmjs.org/parent-module 68ms (cache revalidated)
npm http fetch GET 200 https://registry.npmjs.org/resolve-from 73ms (cache revalidated)
npm http fetch GET 200 https://registry.npmjs.org/run-parallel 65ms (cache revalidated)
npm http fetch GET 200 https://registry.npmjs.org/reusify 827ms (cache revalidated)
npm http fetch GET 200 https://registry.npmjs.org/@nodelib%2ffs.stat 1554ms (cache revalidated)
npm http fetch GET 200 https://registry.npmjs.org/queue-microtask 194ms (cache revalidated)
npm http fetch GET 200 https://registry.npmjs.org/punycode 69ms (cache revalidated)
npm http fetch GET 200 https://registry.npmjs.org/has-flag 62ms (cache revalidated)
npm http fetch GET 200 https://registry.npmjs.org/color-convert 296ms (cache revalidated)
npm http fetch GET 200 https://registry.npmjs.org/color-name 2000ms (cache revalidated)
npm http fetch GET 200 https://registry.npmjs.org/shebang-regex 270ms (cache revalidated)
npm http fetch GET 200 https://registry.npmjs.org/isexe 271ms (cache revalidated)
npm http cache https://registry.npmjs.org/eslint 14ms (cache hit)
npm http cache https://registry.npmjs.org/typescript 68ms (cache hit)
npm http fetch GET 200 https://registry.npmjs.org/eslint-plugin-import-x 56ms (cache revalidated)
npm http fetch GET 200 https://registry.npmjs.org/@typescript-eslint%2futils 148ms (cache revalidated)
npm http cache https://registry.npmjs.org/@typescript-eslint%2futils 33ms (cache hit)
npm http fetch GET 200 https://registry.npmjs.org/ts-api-utils 90ms (cache revalidated)
npm http fetch GET 200 https://registry.npmjs.org/@typescript-eslint%2fscope-manager 132ms (cache revalidated)
npm http fetch GET 200 https://registry.npmjs.org/@typescript-eslint%2ftypes 245ms (cache revalidated)
npm http fetch GET 200 https://registry.npmjs.org/@typescript-eslint%2ftypescript-estree 218ms (cache revalidated)
npm http fetch GET 200 https://registry.npmjs.org/glob 681ms (cache revalidated)
npm http fetch GET 200 https://registry.npmjs.org/is-core-module 392ms (cache revalidated)
npm http fetch GET 200 https://registry.npmjs.org/tinyglobby 165ms (cache revalidated)
npm http fetch GET 200 https://registry.npmjs.org/@typescript-eslint%2ftype-utils 737ms (cache revalidated)
npm http fetch GET 200 https://registry.npmjs.org/@typescript-eslint%2fvisitor-keys 737ms (cache revalidated)
npm http fetch GET 200 https://registry.npmjs.org/get-tsconfig 196ms (cache revalidated)
npm http fetch GET 200 https://registry.npmjs.org/@nolyfill%2fis-core-module 106ms (cache revalidated)
npm http fetch GET 200 https://registry.npmjs.org/@rtsao%2fscc 81ms (cache revalidated)
npm http fetch GET 200 https://registry.npmjs.org/array-includes 63ms (cache revalidated)
npm http fetch GET 200 https://registry.npmjs.org/array.prototype.findlastindex 102ms (cache revalidated)
npm http fetch GET 200 https://registry.npmjs.org/@typescript-eslint%2fvisitor-keys 1129ms (cache revalidated)
npm http fetch GET 200 https://registry.npmjs.org/array.prototype.flat 189ms (cache revalidated)
npm http fetch GET 200 https://registry.npmjs.org/is-bun-module 533ms (cache revalidated)
npm http fetch GET 200 https://registry.npmjs.org/array.prototype.flatmap 153ms (cache revalidated)
npm http fetch GET 200 https://registry.npmjs.org/stable-hash 544ms (cache revalidated)
npm http fetch GET 200 https://registry.npmjs.org/unrs-resolver 452ms (cache revalidated)
npm http fetch GET 200 https://registry.npmjs.org/eslint-module-utils 71ms (cache revalidated)
npm http fetch GET 200 https://registry.npmjs.org/hasown 74ms (cache revalidated)
npm http fetch GET 200 https://registry.npmjs.org/object.fromentries 83ms (cache revalidated)
npm http fetch GET 200 https://registry.npmjs.org/semver 83ms (cache revalidated)
npm http fetch GET 200 https://registry.npmjs.org/@typescript-eslint%2fscope-manager 1298ms (cache revalidated)
npm http fetch GET 200 https://registry.npmjs.org/object.groupby 218ms (cache revalidated)
npm http fetch GET 200 https://registry.npmjs.org/object.values 219ms (cache revalidated)
npm http fetch GET 200 https://registry.npmjs.org/string.prototype.trimend 163ms (cache revalidated)
npm http fetch GET 200 https://registry.npmjs.org/tsconfig-paths 216ms (cache revalidated)
npm http fetch GET 200 https://registry.npmjs.org/axe-core 119ms (cache revalidated)
npm http fetch GET 200 https://registry.npmjs.org/ast-types-flow 314ms (cache revalidated)
npm http fetch GET 200 https://registry.npmjs.org/axobject-query 193ms (cache revalidated)
npm http fetch GET 200 https://registry.npmjs.org/damerau-levenshtein 193ms (cache revalidated)
npm http fetch GET 200 https://registry.npmjs.org/aria-query 333ms (cache revalidated)
npm http fetch GET 200 https://registry.npmjs.org/array.prototype.findlast 310ms (cache revalidated)
npm http fetch GET 200 https://registry.npmjs.org/jsx-ast-utils 440ms (cache revalidated)
npm http fetch GET 200 https://registry.npmjs.org/safe-regex-test 328ms (cache revalidated)
npm http fetch GET 200 https://registry.npmjs.org/string.prototype.includes 328ms (cache revalidated)
npm http fetch GET 200 https://registry.npmjs.org/array.prototype.tosorted 330ms (cache revalidated)
npm http fetch GET 200 https://registry.npmjs.org/emoji-regex 526ms (cache revalidated)
npm http fetch GET 200 https://registry.npmjs.org/language-tags 351ms (cache revalidated)
npm http fetch GET 200 https://registry.npmjs.org/object.entries 87ms (cache revalidated)
npm http fetch GET 200 https://registry.npmjs.org/es-iterator-helpers 102ms (cache revalidated)
npm http fetch GET 200 https://registry.npmjs.org/string.prototype.repeat 86ms (cache revalidated)
npm http fetch GET 200 https://registry.npmjs.org/prop-types 100ms (cache revalidated)
npm http fetch GET 200 https://registry.npmjs.org/string.prototype.matchall 98ms (cache revalidated)
npm http fetch GET 200 https://registry.npmjs.org/foreground-child 544ms (cache revalidated)
npm http fetch GET 200 https://registry.npmjs.org/minipass 551ms (cache revalidated)
npm http fetch GET 200 https://registry.npmjs.org/path-scurry 555ms (cache revalidated)
npm http fetch GET 200 https://registry.npmjs.org/jackspeak 1541ms (cache revalidated)
npm http cache https://registry.npmjs.org/typescript 63ms (cache hit)
npm http cache https://registry.npmjs.org/eslint 6ms (cache hit)
npm http fetch GET 200 https://registry.npmjs.org/@typescript-eslint%2fproject-service 81ms (cache revalidated)
npm http fetch GET 200 https://registry.npmjs.org/@typescript-eslint%2ftsconfig-utils 374ms (cache revalidated)
npm http cache https://registry.npmjs.org/@typescript-eslint%2ftsconfig-utils 11ms (cache hit)
npm http fetch GET 200 https://registry.npmjs.org/picomatch 63ms (cache revalidated)
npm http fetch GET 200 https://registry.npmjs.org/fdir 435ms (cache revalidated)
npm http fetch GET 200 https://registry.npmjs.org/node-exports-info 170ms (cache revalidated)
npm http fetch GET 200 https://registry.npmjs.org/path-parse 173ms (cache revalidated)
npm http fetch GET 200 https://registry.npmjs.org/es-errors 176ms (cache revalidated)
npm http fetch GET 200 https://registry.npmjs.org/supports-preserve-symlinks-flag 175ms (cache revalidated)
npm http fetch GET 200 https://registry.npmjs.org/object-keys 769ms (cache revalidated)
npm http fetch GET 200 https://registry.npmjs.org/resolve-pkg-maps 71ms (cache revalidated)
npm http fetch GET 200 https://registry.npmjs.org/@unrs%2fresolver-binding-linux-arm64-musl 393ms (cache revalidated)
npm http fetch GET 200 https://registry.npmjs.org/napi-postinstall 412ms (cache revalidated)
npm http fetch GET 200 https://registry.npmjs.org/@unrs%2fresolver-binding-openharmony-arm64 431ms (cache revalidated)
npm http fetch GET 200 https://registry.npmjs.org/@unrs%2fresolver-binding-android-arm64 581ms (cache revalidated)
npm http fetch GET 200 https://registry.npmjs.org/@unrs%2fresolver-binding-darwin-arm64 633ms (cache revalidated)
npm http fetch GET 200 https://registry.npmjs.org/@unrs%2fresolver-binding-linux-arm64-gnu 882ms (cache revalidated)
npm http fetch GET 200 https://registry.npmjs.org/@unrs%2fresolver-binding-android-arm-eabi 578ms (cache revalidated)
npm http fetch GET 200 https://registry.npmjs.org/@unrs%2fresolver-binding-win32-arm64-msvc 1093ms (cache revalidated)
npm http fetch GET 200 https://registry.npmjs.org/@unrs%2fresolver-binding-linux-ppc64-gnu 180ms (cache revalidated)
npm http fetch GET 200 https://registry.npmjs.org/@unrs%2fresolver-binding-linux-arm-musleabihf 696ms (cache revalidated)
npm http fetch GET 200 https://registry.npmjs.org/@unrs%2fresolver-binding-win32-ia32-msvc 692ms (cache revalidated)
npm http fetch GET 200 https://registry.npmjs.org/@unrs%2fresolver-binding-wasm32-wasi 182ms (cache revalidated)
npm http fetch GET 200 https://registry.npmjs.org/@unrs%2fresolver-binding-linux-arm-gnueabihf 1237ms (cache revalidated)
npm http fetch GET 200 https://registry.npmjs.org/@unrs%2fresolver-binding-linux-loong64-gnu 1147ms (cache revalidated)
npm http fetch GET 200 https://registry.npmjs.org/@unrs%2fresolver-binding-linux-riscv64-gnu 707ms (cache revalidated)
npm http fetch GET 200 https://registry.npmjs.org/@unrs%2fresolver-binding-win32-x64-msvc 206ms (cache revalidated)
npm http fetch GET 200 https://registry.npmjs.org/@unrs%2fresolver-binding-linux-riscv64-musl 765ms (cache revalidated)
npm http fetch GET 200 https://registry.npmjs.org/@unrs%2fresolver-binding-darwin-x64 594ms (cache revalidated)
npm http fetch GET 200 https://registry.npmjs.org/@unrs%2fresolver-binding-linux-loong64-musl 1179ms (cache revalidated)
npm http fetch GET 200 https://registry.npmjs.org/@unrs%2fresolver-binding-linux-s390x-gnu 891ms (cache revalidated)
npm http fetch GET 200 https://registry.npmjs.org/@unrs%2fresolver-binding-linux-x64-musl 667ms (cache revalidated)
npm http fetch GET 200 https://registry.npmjs.org/@unrs%2fresolver-binding-linux-x64-gnu 1221ms (cache revalidated)
npm http fetch GET 200 https://registry.npmjs.org/@unrs%2fresolver-binding-freebsd-x64 2027ms (cache revalidated)
npm http fetch GET 200 https://registry.npmjs.org/define-properties 68ms (cache revalidated)
npm http fetch GET 200 https://registry.npmjs.org/call-bound 71ms (cache revalidated)
npm http fetch GET 200 https://registry.npmjs.org/call-bind 79ms (cache revalidated)
npm http fetch GET 200 https://registry.npmjs.org/get-intrinsic 79ms (cache revalidated)
npm http fetch GET 200 https://registry.npmjs.org/es-object-atoms 81ms (cache revalidated)
npm http cache https://registry.npmjs.org/es-object-atoms 5ms (cache hit)
npm http fetch GET 200 https://registry.npmjs.org/math-intrinsics 58ms (cache revalidated)
npm http fetch GET 200 https://registry.npmjs.org/call-bind 60ms (cache revalidated)
npm http fetch GET 200 https://registry.npmjs.org/es-abstract 76ms (cache revalidated)
npm http fetch GET 200 https://registry.npmjs.org/es-abstract 83ms (cache revalidated)
npm http fetch GET 200 https://registry.npmjs.org/es-abstract 67ms (cache revalidated)
npm http fetch GET 200 https://registry.npmjs.org/function-bind 80ms (cache revalidated)
npm http fetch GET 200 https://registry.npmjs.org/es-shim-unscopables 225ms (cache revalidated)
npm http fetch GET 200 https://registry.npmjs.org/es-shim-unscopables 312ms (cache revalidated)
npm http fetch GET 200 https://registry.npmjs.org/es-abstract 457ms (cache revalidated)
npm http fetch GET 200 https://registry.npmjs.org/strip-bom 72ms (cache revalidated)
npm http fetch GET 200 https://registry.npmjs.org/json5 304ms (cache revalidated)
npm http fetch GET 200 https://registry.npmjs.org/is-string 582ms (cache revalidated)
npm http fetch GET 200 https://registry.npmjs.org/minimist 337ms (cache revalidated)
npm http fetch GET 200 https://registry.npmjs.org/es-shim-unscopables 604ms (cache revalidated)
npm http fetch GET 200 https://registry.npmjs.org/@types%2fjson5 745ms (cache revalidated)
npm http fetch GET 200 https://registry.npmjs.org/define-data-property 84ms (cache revalidated)
npm http fetch GET 200 https://registry.npmjs.org/call-bind-apply-helpers 89ms (cache revalidated)
npm http fetch GET 200 https://registry.npmjs.org/set-function-length 91ms (cache revalidated)
npm http fetch GET 200 https://registry.npmjs.org/es-define-property 95ms (cache revalidated)
npm http fetch GET 200 https://registry.npmjs.org/call-bind-apply-helpers 97ms (cache revalidated)
npm http fetch GET 200 https://registry.npmjs.org/arraybuffer.prototype.slice 78ms (cache revalidated)
npm http fetch GET 200 https://registry.npmjs.org/data-view-byte-offset 71ms (cache revalidated)
npm http fetch GET 200 https://registry.npmjs.org/available-typed-arrays 81ms (cache revalidated)
npm http fetch GET 200 https://registry.npmjs.org/es-set-tostringtag 80ms (cache revalidated)
npm http fetch GET 200 https://registry.npmjs.org/es-to-primitive 82ms (cache revalidated)
npm http fetch GET 200 https://registry.npmjs.org/function.prototype.name 99ms (cache revalidated)
npm http fetch GET 200 https://registry.npmjs.org/has-property-descriptors 340ms (cache revalidated)
npm http fetch GET 200 https://registry.npmjs.org/gopd 73ms (cache revalidated)
npm http fetch GET 200 https://registry.npmjs.org/data-view-byte-length 326ms (cache revalidated)
npm http fetch GET 200 https://registry.npmjs.org/has-symbols 65ms (cache revalidated)
npm http fetch GET 200 https://registry.npmjs.org/has-proto 73ms (cache revalidated)
npm http fetch GET 200 https://registry.npmjs.org/internal-slot 67ms (cache revalidated)
npm http fetch GET 200 https://registry.npmjs.org/get-proto 365ms (cache revalidated)
npm http fetch GET 200 https://registry.npmjs.org/is-data-view 71ms (cache revalidated)
npm http fetch GET 200 https://registry.npmjs.org/is-negative-zero 68ms (cache revalidated)
npm http fetch GET 200 https://registry.npmjs.org/is-regex 66ms (cache revalidated)
npm http fetch GET 200 https://registry.npmjs.org/globalthis 597ms (cache revalidated)
npm http fetch GET 200 https://registry.npmjs.org/is-set 64ms (cache revalidated)
npm http fetch GET 200 https://registry.npmjs.org/is-callable 337ms (cache revalidated)
npm http fetch GET 200 https://registry.npmjs.org/data-view-buffer 878ms (cache revalidated)
npm http fetch GET 200 https://registry.npmjs.org/is-weakref 106ms (cache revalidated)
npm http fetch GET 200 https://registry.npmjs.org/is-shared-array-buffer 134ms (cache revalidated)
npm http fetch GET 200 https://registry.npmjs.org/object.assign 65ms (cache revalidated)
npm http fetch GET 200 https://registry.npmjs.org/is-array-buffer 629ms (cache revalidated)
npm http fetch GET 200 https://registry.npmjs.org/get-symbol-description 966ms (cache revalidated)
npm http fetch GET 200 https://registry.npmjs.org/is-typed-array 343ms (cache revalidated)
npm http fetch GET 200 https://registry.npmjs.org/array-buffer-byte-length 1312ms (cache revalidated)
npm http fetch GET 200 https://registry.npmjs.org/object-inspect 435ms (cache revalidated)
npm http fetch GET 200 https://registry.npmjs.org/safe-array-concat 327ms (cache revalidated)
npm http fetch GET 200 https://registry.npmjs.org/string.prototype.trimstart 64ms (cache revalidated)
npm http fetch GET 200 https://registry.npmjs.org/safe-push-apply 309ms (cache revalidated)
npm http fetch GET 200 https://registry.npmjs.org/set-proto 294ms (cache revalidated)
npm http fetch GET 200 https://registry.npmjs.org/typed-array-byte-length 86ms (cache revalidated)
npm http fetch GET 200 https://registry.npmjs.org/regexp.prototype.flags 583ms (cache revalidated)
npm http fetch GET 200 https://registry.npmjs.org/stop-iteration-iterator 475ms (cache revalidated)
npm http fetch GET 200 https://registry.npmjs.org/typed-array-buffer 382ms (cache revalidated)
npm http fetch GET 200 https://registry.npmjs.org/own-keys 930ms (cache revalidated)
npm http fetch GET 200 https://registry.npmjs.org/which-typed-array 151ms (cache revalidated)
npm http fetch GET 200 https://registry.npmjs.org/string.prototype.trim 534ms (cache revalidated)
npm http fetch GET 200 https://registry.npmjs.org/has-tostringtag 61ms (cache revalidated)
npm http fetch GET 200 https://registry.npmjs.org/typed-array-length 374ms (cache revalidated)
npm http fetch GET 200 https://registry.npmjs.org/typed-array-byte-offset 463ms (cache revalidated)
npm http fetch GET 200 https://registry.npmjs.org/unbox-primitive 780ms (cache revalidated)
npm http fetch GET 200 https://registry.npmjs.org/dunder-proto 77ms (cache revalidated)
npm http fetch GET 200 https://registry.npmjs.org/es-abstract-get 89ms (cache revalidated)
npm http fetch GET 200 https://registry.npmjs.org/is-document.all 94ms (cache revalidated)
npm http fetch GET 200 https://registry.npmjs.org/set-function-name 336ms (cache revalidated)
npm http fetch GET 200 https://registry.npmjs.org/isarray 337ms (cache revalidated)
npm http fetch GET 200 https://registry.npmjs.org/is-symbol 437ms (cache revalidated)
npm http fetch GET 200 https://registry.npmjs.org/functions-have-names 437ms (cache revalidated)
npm http fetch GET 200 https://registry.npmjs.org/is-date-object 441ms (cache revalidated)
npm http fetch GET 200 https://registry.npmjs.org/possible-typed-array-names 449ms (cache revalidated)
npm http cache https://registry.npmjs.org/isarray 24ms (cache hit)
npm http fetch GET 200 https://registry.npmjs.org/for-each 83ms (cache revalidated)
npm http fetch GET 200 https://registry.npmjs.org/for-each 80ms (cache revalidated)
npm http fetch GET 200 https://registry.npmjs.org/side-channel 474ms (cache revalidated)
npm http fetch GET 200 https://registry.npmjs.org/has-bigints 324ms (cache revalidated)
npm http fetch GET 200 https://registry.npmjs.org/for-each 370ms (cache revalidated)
npm http fetch GET 200 https://registry.npmjs.org/reflect.getprototypeof 417ms (cache revalidated)
npm http fetch GET 200 https://registry.npmjs.org/which-boxed-primitive 347ms (cache revalidated)
npm http fetch GET 200 https://registry.npmjs.org/reflect.getprototypeof 432ms (cache revalidated)
npm http fetch GET 200 https://registry.npmjs.org/language-subtag-registry 68ms (cache revalidated)
npm http fetch GET 200 https://registry.npmjs.org/iterator.prototype 75ms (cache revalidated)
npm http fetch GET 200 https://registry.npmjs.org/object-assign 76ms (cache revalidated)
npm http fetch GET 200 https://registry.npmjs.org/react-is 88ms (cache revalidated)
npm http fetch GET 200 https://registry.npmjs.org/rimraf 67ms (cache revalidated)
npm http fetch GET 200 https://registry.npmjs.org/flatted 71ms (cache revalidated)
npm http fetch GET 200 https://registry.npmjs.org/keyv 388ms (cache revalidated)
npm http fetch GET 200 https://registry.npmjs.org/p-locate 198ms (cache revalidated)
npm http fetch GET 200 https://registry.npmjs.org/json-buffer 62ms (cache revalidated)
npm http fetch GET 200 https://registry.npmjs.org/lru-cache 80ms (cache revalidated)
npm http fetch GET 200 https://registry.npmjs.org/signal-exit 96ms (cache revalidated)
npm http fetch GET 200 https://registry.npmjs.org/@pkgjs%2fparseargs 971ms (cache revalidated)
npm http fetch GET 200 https://registry.npmjs.org/@isaacs%2fcliui 1209ms (cache revalidated)
npm http fetch GET 200 https://registry.npmjs.org/callsites 420ms (cache revalidated)
npm http fetch GET 200 https://registry.npmjs.org/side-channel-map 75ms (cache revalidated)
npm http fetch GET 200 https://registry.npmjs.org/side-channel-list 375ms (cache revalidated)
npm http fetch GET 200 https://registry.npmjs.org/side-channel-weakmap 488ms (cache revalidated)
npm http fetch GET 200 https://registry.npmjs.org/wrap-ansi 82ms (cache revalidated)
npm http fetch GET 200 https://registry.npmjs.org/string-width 87ms (cache revalidated)
npm http fetch GET 200 https://registry.npmjs.org/string-width 102ms (cache revalidated)
npm http fetch GET 200 https://registry.npmjs.org/wrap-ansi 363ms (cache revalidated)
npm http fetch GET 200 https://registry.npmjs.org/is-fullwidth-code-point 71ms (cache revalidated)
npm http fetch GET 200 https://registry.npmjs.org/eastasianwidth 652ms (cache revalidated)
npm http fetch GET 200 https://registry.npmjs.org/p-limit 307ms (cache revalidated)
npm http fetch GET 200 https://registry.npmjs.org/concat-map 260ms (cache revalidated)
npm http fetch GET 200 https://registry.npmjs.org/balanced-match 262ms (cache revalidated)
npm http cache https://registry.npmjs.org/react 42ms (cache hit)
npm http fetch GET 200 https://registry.npmjs.org/streamsearch 486ms (cache revalidated)
npm http fetch GET 200 https://registry.npmjs.org/client-only 719ms (cache revalidated)
npm http fetch GET 200 https://registry.npmjs.org/@swc%2fcounter 1497ms (cache revalidated)
npm http fetch GET 200 https://registry.npmjs.org/yocto-queue 63ms (cache revalidated)
npm http fetch GET 200 https://registry.npmjs.org/js-tokens 167ms (cache revalidated)
npm http fetch GET 200 https://registry.npmjs.org/inflight 64ms (cache revalidated)
npm http fetch GET 200 https://registry.npmjs.org/inherits 88ms (cache revalidated)
npm http fetch GET 200 https://registry.npmjs.org/once 308ms (cache revalidated)
npm http fetch GET 200 https://registry.npmjs.org/path-is-absolute 703ms (cache revalidated)
npm http fetch GET 200 https://registry.npmjs.org/fs.realpath 706ms (cache revalidated)
npm http fetch GET 200 https://registry.npmjs.org/tsx 70ms (cache revalidated)
npm http fetch GET 200 https://registry.npmjs.org/yaml 396ms (cache revalidated)
npm http fetch GET 200 https://registry.npmjs.org/anymatch 85ms (cache revalidated)
npm http fetch GET 200 https://registry.npmjs.org/fsevents 90ms (cache revalidated)
npm http fetch GET 200 https://registry.npmjs.org/braces 96ms (cache revalidated)
npm http fetch GET 200 https://registry.npmjs.org/braces 108ms (cache revalidated)
npm http fetch GET 200 https://registry.npmjs.org/merge2 108ms (cache revalidated)
npm http fetch GET 200 https://registry.npmjs.org/cssesc 134ms (cache revalidated)
npm http fetch GET 200 https://registry.npmjs.org/camelcase-css 145ms (cache revalidated)
npm http fetch GET 200 https://registry.npmjs.org/util-deprecate 133ms (cache revalidated)
npm http fetch GET 200 https://registry.npmjs.org/read-cache 155ms (cache revalidated)
npm http fetch GET 200 https://registry.npmjs.org/pirates 65ms (cache revalidated)
npm http fetch GET 200 https://registry.npmjs.org/mz 80ms (cache revalidated)
npm http fetch GET 200 https://registry.npmjs.org/@jridgewell%2fgen-mapping 227ms (cache revalidated)
npm http fetch GET 200 https://registry.npmjs.org/is-binary-path 466ms (cache revalidated)
npm http fetch GET 200 https://registry.npmjs.org/readdirp 491ms (cache revalidated)
npm http fetch GET 200 https://registry.npmjs.org/commander 319ms (cache revalidated)
npm http fetch GET 200 https://registry.npmjs.org/ts-interface-checker 308ms (cache revalidated)
npm http fetch GET 200 https://registry.npmjs.org/lines-and-columns 387ms (cache revalidated)
npm http fetch GET 200 https://registry.npmjs.org/fill-range 75ms (cache revalidated)
npm http fetch GET 200 https://registry.npmjs.org/binary-extensions 538ms (cache revalidated)
npm http fetch GET 200 https://registry.npmjs.org/to-regex-range 195ms (cache revalidated)
npm http fetch GET 200 https://registry.npmjs.org/is-number 464ms (cache revalidated)
npm http fetch GET 200 https://registry.npmjs.org/pify 294ms (cache revalidated)
npm http fetch GET 200 https://registry.npmjs.org/thenify-all 78ms (cache revalidated)
npm http fetch GET 200 https://registry.npmjs.org/@jridgewell%2ftrace-mapping 224ms (cache revalidated)
npm http fetch GET 200 https://registry.npmjs.org/@jridgewell%2fsourcemap-codec 292ms (cache revalidated)
npm http fetch GET 200 https://registry.npmjs.org/any-promise 323ms (cache revalidated)
npm http fetch GET 200 https://registry.npmjs.org/@jridgewell%2fresolve-uri 380ms (cache revalidated)
npm http fetch GET 200 https://registry.npmjs.org/thenify 462ms (cache revalidated)
npm http fetch GET 200 https://registry.npmjs.org/which-builtin-type 347ms (cache revalidated)
npm http fetch GET 200 https://registry.npmjs.org/is-finalizationregistry 299ms (cache revalidated)
npm http fetch GET 200 https://registry.npmjs.org/which-collection 338ms (cache revalidated)
npm http fetch GET 200 https://registry.npmjs.org/is-generator-function 506ms (cache revalidated)
npm http fetch GET 200 https://registry.npmjs.org/is-async-function 813ms (cache revalidated)
npm http fetch GET 200 https://registry.npmjs.org/is-number-object 74ms (cache revalidated)
npm http fetch GET 200 https://registry.npmjs.org/is-bigint 78ms (cache revalidated)
npm http fetch GET 200 https://registry.npmjs.org/is-boolean-object 340ms (cache revalidated)
npm http fetch GET 200 https://registry.npmjs.org/@emnapi%2fcore 225ms (cache revalidated)
npm http fetch GET 200 https://registry.npmjs.org/@emnapi%2fruntime 230ms (cache revalidated)
npm http fetch GET 200 https://registry.npmjs.org/@napi-rs%2fwasm-runtime 757ms (cache revalidated)
npm http fetch GET 200 https://registry.npmjs.org/@tybys%2fwasm-util 78ms (cache revalidated)
npm http fetch GET 200 https://registry.npmjs.org/@emnapi%2fwasi-threads 81ms (cache revalidated)
npm http fetch GET 200 https://registry.npmjs.org/async-function 63ms (cache revalidated)
npm http fetch GET 200 https://registry.npmjs.org/is-map 64ms (cache revalidated)
npm http fetch GET 200 https://registry.npmjs.org/is-weakset 66ms (cache revalidated)
npm http fetch GET 200 https://registry.npmjs.org/generator-function 69ms (cache revalidated)
npm http fetch GET 200 https://registry.npmjs.org/is-weakmap 309ms (cache revalidated)
npm http fetch GET 200 https://registry.npmjs.org/wrappy 466ms (cache revalidated)
npm http fetch GET 200 https://registry.npmjs.org/wrappy 467ms (cache revalidated)
npm http cache wrappy@https://registry.npmjs.org/wrappy/-/wrappy-1.0.2.tgz 1ms (cache hit)
npm http cache path-is-absolute@https://registry.npmjs.org/path-is-absolute/-/path-is-absolute-1.0.1.tgz 0ms (cache hit)
npm http cache once@https://registry.npmjs.org/once/-/once-1.4.0.tgz 0ms (cache hit)
npm http cache inflight@https://registry.npmjs.org/inflight/-/inflight-1.0.6.tgz 0ms (cache hit)
npm http cache fs.realpath@https://registry.npmjs.org/fs.realpath/-/fs.realpath-1.0.0.tgz 0ms (cache hit)
npm http cache is-weakmap@https://registry.npmjs.org/is-weakmap/-/is-weakmap-2.0.2.tgz 0ms (cache hit)
npm http cache is-weakset@https://registry.npmjs.org/is-weakset/-/is-weakset-2.0.4.tgz 0ms (cache hit)
npm http cache is-map@https://registry.npmjs.org/is-map/-/is-map-2.0.3.tgz 0ms (cache hit)
npm http cache generator-function@https://registry.npmjs.org/generator-function/-/generator-function-2.0.1.tgz 0ms (cache hit)
npm http cache inherits@https://registry.npmjs.org/inherits/-/inherits-2.0.4.tgz 0ms (cache hit)
npm http cache async-function@https://registry.npmjs.org/async-function/-/async-function-1.0.0.tgz 0ms (cache hit)
npm http cache which-collection@https://registry.npmjs.org/which-collection/-/which-collection-1.0.2.tgz 0ms (cache hit)
npm http cache is-generator-function@https://registry.npmjs.org/is-generator-function/-/is-generator-function-1.1.2.tgz 0ms (cache hit)
npm http cache is-finalizationregistry@https://registry.npmjs.org/is-finalizationregistry/-/is-finalizationregistry-1.1.1.tgz 0ms (cache hit)
npm http cache is-async-function@https://registry.npmjs.org/is-async-function/-/is-async-function-2.1.1.tgz 0ms (cache hit)
npm http cache is-number-object@https://registry.npmjs.org/is-number-object/-/is-number-object-1.1.1.tgz 0ms (cache hit)
npm http cache is-boolean-object@https://registry.npmjs.org/is-boolean-object/-/is-boolean-object-1.2.2.tgz 0ms (cache hit)
npm http cache is-bigint@https://registry.npmjs.org/is-bigint/-/is-bigint-1.1.0.tgz 0ms (cache hit)
npm http cache isexe@https://registry.npmjs.org/isexe/-/isexe-2.0.0.tgz 0ms (cache hit)
npm http cache punycode@https://registry.npmjs.org/punycode/-/punycode-2.3.1.tgz 0ms (cache hit)
npm http cache escalade@https://registry.npmjs.org/escalade/-/escalade-3.2.0.tgz 0ms (cache hit)
npm http cache napi-postinstall@https://registry.npmjs.org/napi-postinstall/-/napi-postinstall-0.3.4.tgz 0ms (cache hit)
npm http cache which-boxed-primitive@https://registry.npmjs.org/which-boxed-primitive/-/which-boxed-primitive-1.1.1.tgz 0ms (cache hit)
npm http cache has-bigints@https://registry.npmjs.org/has-bigints/-/has-bigints-1.1.0.tgz 0ms (cache hit)
npm http cache @unrs/resolver-binding-linux-x64-gnu@https://registry.npmjs.org/@unrs/resolver-binding-linux-x64-gnu/-/resolver-binding-linux-x64-gnu-1.12.2.tgz 0ms (cache hit)
npm http cache which-builtin-type@https://registry.npmjs.org/which-builtin-type/-/which-builtin-type-1.2.1.tgz 0ms (cache hit)
npm http cache reflect.getprototypeof@https://registry.npmjs.org/reflect.getprototypeof/-/reflect.getprototypeof-1.0.10.tgz 0ms (cache hit)
npm http cache for-each@https://registry.npmjs.org/for-each/-/for-each-0.3.5.tgz 0ms (cache hit)
npm http cache strip-bom@https://registry.npmjs.org/strip-bom/-/strip-bom-3.0.0.tgz 0ms (cache hit)
npm http cache minimist@https://registry.npmjs.org/minimist/-/minimist-1.2.8.tgz 0ms (cache hit)
npm http cache json5@https://registry.npmjs.org/json5/-/json5-1.0.2.tgz 0ms (cache hit)
npm http cache @types/json5@https://registry.npmjs.org/@types/json5/-/json5-0.0.29.tgz 0ms (cache hit)
npm http cache is-number@https://registry.npmjs.org/is-number/-/is-number-7.0.0.tgz 1ms (cache hit)
npm http cache thenify@https://registry.npmjs.org/thenify/-/thenify-3.3.1.tgz 0ms (cache hit)
npm http cache thenify-all@https://registry.npmjs.org/thenify-all/-/thenify-all-1.6.0.tgz 0ms (cache hit)
npm http cache any-promise@https://registry.npmjs.org/any-promise/-/any-promise-1.3.0.tgz 0ms (cache hit)
npm http cache @jridgewell/resolve-uri@https://registry.npmjs.org/@jridgewell/resolve-uri/-/resolve-uri-3.1.2.tgz 0ms (cache hit)
npm http cache @jridgewell/trace-mapping@https://registry.npmjs.org/@jridgewell/trace-mapping/-/trace-mapping-0.3.31.tgz 0ms (cache hit)
npm http cache @jridgewell/sourcemap-codec@https://registry.npmjs.org/@jridgewell/sourcemap-codec/-/sourcemap-codec-1.5.5.tgz 0ms (cache hit)
npm http cache ts-interface-checker@https://registry.npmjs.org/ts-interface-checker/-/ts-interface-checker-0.1.13.tgz 0ms (cache hit)
npm http cache pirates@https://registry.npmjs.org/pirates/-/pirates-4.0.7.tgz 0ms (cache hit)
npm http cache mz@https://registry.npmjs.org/mz/-/mz-2.7.0.tgz 0ms (cache hit)
npm http cache @jridgewell/gen-mapping@https://registry.npmjs.org/@jridgewell/gen-mapping/-/gen-mapping-0.3.13.tgz 0ms (cache hit)
npm http cache lines-and-columns@https://registry.npmjs.org/lines-and-columns/-/lines-and-columns-1.2.4.tgz 0ms (cache hit)
npm http cache commander@https://registry.npmjs.org/commander/-/commander-4.1.1.tgz 0ms (cache hit)
npm http cache pify@https://registry.npmjs.org/pify/-/pify-2.3.0.tgz 0ms (cache hit)
npm http cache util-deprecate@https://registry.npmjs.org/util-deprecate/-/util-deprecate-1.0.2.tgz 0ms (cache hit)
npm http cache cssesc@https://registry.npmjs.org/cssesc/-/cssesc-3.0.0.tgz 0ms (cache hit)
npm http cache camelcase-css@https://registry.npmjs.org/camelcase-css/-/camelcase-css-2.0.1.tgz 0ms (cache hit)
npm http cache read-cache@https://registry.npmjs.org/read-cache/-/read-cache-1.0.0.tgz 0ms (cache hit)
npm http cache binary-extensions@https://registry.npmjs.org/binary-extensions/-/binary-extensions-2.3.0.tgz 0ms (cache hit)
npm http cache to-regex-range@https://registry.npmjs.org/to-regex-range/-/to-regex-range-5.0.1.tgz 0ms (cache hit)
npm http cache picomatch@https://registry.npmjs.org/picomatch/-/picomatch-2.3.2.tgz 0ms (cache hit)
npm http cache fill-range@https://registry.npmjs.org/fill-range/-/fill-range-7.1.1.tgz 0ms (cache hit)
npm http cache merge2@https://registry.npmjs.org/merge2/-/merge2-1.4.1.tgz 0ms (cache hit)
npm http cache readdirp@https://registry.npmjs.org/readdirp/-/readdirp-3.6.0.tgz 0ms (cache hit)
npm http cache is-binary-path@https://registry.npmjs.org/is-binary-path/-/is-binary-path-2.1.0.tgz 0ms (cache hit)
npm http cache braces@https://registry.npmjs.org/braces/-/braces-3.0.3.tgz 0ms (cache hit)
npm http cache anymatch@https://registry.npmjs.org/anymatch/-/anymatch-3.1.3.tgz 0ms (cache hit)
npm http cache sucrase@https://registry.npmjs.org/sucrase/-/sucrase-3.35.1.tgz 0ms (cache hit)
npm http cache postcss-selector-parser@https://registry.npmjs.org/postcss-selector-parser/-/postcss-selector-parser-6.1.4.tgz 0ms (cache hit)
npm http cache postcss-nested@https://registry.npmjs.org/postcss-nested/-/postcss-nested-6.2.0.tgz 0ms (cache hit)
npm http cache postcss-js@https://registry.npmjs.org/postcss-js/-/postcss-js-4.1.0.tgz 0ms (cache hit)
npm http cache postcss-load-config@https://registry.npmjs.org/postcss-load-config/-/postcss-load-config-6.0.1.tgz 0ms (cache hit)
npm http cache postcss-import@https://registry.npmjs.org/postcss-import/-/postcss-import-15.1.0.tgz 0ms (cache hit)
npm http cache normalize-path@https://registry.npmjs.org/normalize-path/-/normalize-path-3.0.0.tgz 0ms (cache hit)
npm http cache micromatch@https://registry.npmjs.org/micromatch/-/micromatch-4.0.8.tgz 0ms (cache hit)
npm http cache object-hash@https://registry.npmjs.org/object-hash/-/object-hash-3.0.0.tgz 0ms (cache hit)
npm http cache lilconfig@https://registry.npmjs.org/lilconfig/-/lilconfig-3.1.3.tgz 0ms (cache hit)
npm http cache fast-glob@https://registry.npmjs.org/fast-glob/-/fast-glob-3.3.3.tgz 0ms (cache hit)
npm http cache jiti@https://registry.npmjs.org/jiti/-/jiti-1.21.7.tgz 0ms (cache hit)
npm http cache dlv@https://registry.npmjs.org/dlv/-/dlv-1.1.3.tgz 0ms (cache hit)
npm http cache didyoumean@https://registry.npmjs.org/didyoumean/-/didyoumean-1.2.2.tgz 0ms (cache hit)
npm http cache chokidar@https://registry.npmjs.org/chokidar/-/chokidar-3.6.0.tgz 0ms (cache hit)
npm http cache arg@https://registry.npmjs.org/arg/-/arg-5.0.2.tgz 0ms (cache hit)
npm http cache @alloc/quick-lru@https://registry.npmjs.org/@alloc/quick-lru/-/quick-lru-5.2.0.tgz 0ms (cache hit)
npm http cache client-only@https://registry.npmjs.org/client-only/-/client-only-0.0.1.tgz 0ms (cache hit)
npm http cache has-flag@https://registry.npmjs.org/has-flag/-/has-flag-4.0.0.tgz 0ms (cache hit)
npm http cache ansi-regex@https://registry.npmjs.org/ansi-regex/-/ansi-regex-5.0.1.tgz 0ms (cache hit)
npm http cache is-fullwidth-code-point@https://registry.npmjs.org/is-fullwidth-code-point/-/is-fullwidth-code-point-3.0.0.tgz 0ms (cache hit)
npm http cache eastasianwidth@https://registry.npmjs.org/eastasianwidth/-/eastasianwidth-0.2.0.tgz 0ms (cache hit)
npm http cache side-channel-weakmap@https://registry.npmjs.org/side-channel-weakmap/-/side-channel-weakmap-1.0.2.tgz 0ms (cache hit)
npm http cache side-channel-map@https://registry.npmjs.org/side-channel-map/-/side-channel-map-1.0.1.tgz 0ms (cache hit)
npm http cache side-channel-list@https://registry.npmjs.org/side-channel-list/-/side-channel-list-1.0.1.tgz 0ms (cache hit)
npm http cache shebang-regex@https://registry.npmjs.org/shebang-regex/-/shebang-regex-3.0.0.tgz 0ms (cache hit)
npm http cache queue-microtask@https://registry.npmjs.org/queue-microtask/-/queue-microtask-1.2.3.tgz 0ms (cache hit)
npm http cache isarray@https://registry.npmjs.org/isarray/-/isarray-2.0.5.tgz 0ms (cache hit)
npm http cache supports-preserve-symlinks-flag@https://registry.npmjs.org/supports-preserve-symlinks-flag/-/supports-preserve-symlinks-flag-1.0.0.tgz 0ms (cache hit)
npm http cache path-parse@https://registry.npmjs.org/path-parse/-/path-parse-1.0.7.tgz 0ms (cache hit)
npm http cache node-exports-info@https://registry.npmjs.org/node-exports-info/-/node-exports-info-1.6.2.tgz 0ms (cache hit)
npm http cache scheduler@https://registry.npmjs.org/scheduler/-/scheduler-0.23.2.tgz 0ms (cache hit)
npm http cache js-tokens@https://registry.npmjs.org/js-tokens/-/js-tokens-4.0.0.tgz 0ms (cache hit)
npm http cache react-is@https://registry.npmjs.org/react-is/-/react-is-16.13.1.tgz 0ms (cache hit)
npm http cache object-assign@https://registry.npmjs.org/object-assign/-/object-assign-4.1.1.tgz 0ms (cache hit)
npm http cache loose-envify@https://registry.npmjs.org/loose-envify/-/loose-envify-1.4.0.tgz 0ms (cache hit)
npm http cache source-map-js@https://registry.npmjs.org/source-map-js/-/source-map-js-1.2.1.tgz 0ms (cache hit)
npm http cache nanoid@https://registry.npmjs.org/nanoid/-/nanoid-3.3.15.tgz 0ms (cache hit)
npm http cache callsites@https://registry.npmjs.org/callsites/-/callsites-3.1.0.tgz 0ms (cache hit)
npm http cache lru-cache@https://registry.npmjs.org/lru-cache/-/lru-cache-10.4.3.tgz 0ms (cache hit)
npm http cache yocto-queue@https://registry.npmjs.org/yocto-queue/-/yocto-queue-0.1.0.tgz 0ms (cache hit)
npm http cache word-wrap@https://registry.npmjs.org/word-wrap/-/word-wrap-1.2.5.tgz 0ms (cache hit)
npm http cache fast-levenshtein@https://registry.npmjs.org/fast-levenshtein/-/fast-levenshtein-2.0.6.tgz 0ms (cache hit)
npm http cache deep-is@https://registry.npmjs.org/deep-is/-/deep-is-0.1.4.tgz 0ms (cache hit)
npm http cache streamsearch@https://registry.npmjs.org/streamsearch/-/streamsearch-1.1.0.tgz 0ms (cache hit)
npm http cache @swc/counter@https://registry.npmjs.org/@swc/counter/-/counter-0.1.3.tgz 0ms (cache hit)
npm http cache styled-jsx@https://registry.npmjs.org/styled-jsx/-/styled-jsx-5.1.1.tgz 0ms (cache hit)
npm http cache graceful-fs@https://registry.npmjs.org/graceful-fs/-/graceful-fs-4.2.11.tgz 0ms (cache hit)
npm http cache p-limit@https://registry.npmjs.org/p-limit/-/p-limit-3.1.0.tgz 0ms (cache hit)
npm http cache @swc/helpers@https://registry.npmjs.org/@swc/helpers/-/helpers-0.5.5.tgz 0ms (cache hit)
npm http cache busboy@https://registry.npmjs.org/busboy/-/busboy-1.6.0.tgz 0ms (cache hit)
npm http cache @next/swc-linux-x64-gnu@https://registry.npmjs.org/@next/swc-linux-x64-gnu/-/swc-linux-x64-gnu-14.2.15.tgz 0ms (cache hit)
npm http cache @next/env@https://registry.npmjs.org/@next/env/-/env-14.2.15.tgz 0ms (cache hit)
npm http cache balanced-match@https://registry.npmjs.org/balanced-match/-/balanced-match-1.0.2.tgz 0ms (cache hit)
npm http cache brace-expansion@https://registry.npmjs.org/brace-expansion/-/brace-expansion-1.1.15.tgz 0ms (cache hit)
npm http cache concat-map@https://registry.npmjs.org/concat-map/-/concat-map-0.0.1.tgz 0ms (cache hit)
npm http cache p-locate@https://registry.npmjs.org/p-locate/-/p-locate-5.0.0.tgz 0ms (cache hit)
npm http cache type-check@https://registry.npmjs.org/type-check/-/type-check-0.4.0.tgz 0ms (cache hit)
npm http cache prelude-ls@https://registry.npmjs.org/prelude-ls/-/prelude-ls-1.2.1.tgz 0ms (cache hit)
npm http cache language-subtag-registry@https://registry.npmjs.org/language-subtag-registry/-/language-subtag-registry-0.3.23.tgz 0ms (cache hit)
npm http cache json-buffer@https://registry.npmjs.org/json-buffer/-/json-buffer-3.0.1.tgz 0ms (cache hit)
npm http cache argparse@https://registry.npmjs.org/argparse/-/argparse-2.0.1.tgz 0ms (cache hit)
npm http cache wrap-ansi-cjs@https://registry.npmjs.org/wrap-ansi/-/wrap-ansi-7.0.0.tgz 0ms (cache hit)
npm http cache wrap-ansi@https://registry.npmjs.org/wrap-ansi/-/wrap-ansi-8.1.0.tgz 0ms (cache hit)
npm http cache string-width-cjs@https://registry.npmjs.org/string-width/-/string-width-4.2.3.tgz 0ms (cache hit)
npm http cache @pkgjs/parseargs@https://registry.npmjs.org/@pkgjs/parseargs/-/parseargs-0.11.0.tgz 0ms (cache hit)
npm http cache strip-ansi-cjs@https://registry.npmjs.org/strip-ansi/-/strip-ansi-6.0.1.tgz 0ms (cache hit)
npm http cache string-width@https://registry.npmjs.org/string-width/-/string-width-5.1.2.tgz 0ms (cache hit)
npm http cache @isaacs/cliui@https://registry.npmjs.org/@isaacs/cliui/-/cliui-8.0.2.tgz 0ms (cache hit)
npm http cache set-function-name@https://registry.npmjs.org/set-function-name/-/set-function-name-2.0.2.tgz 0ms (cache hit)
npm http cache side-channel@https://registry.npmjs.org/side-channel/-/side-channel-1.1.1.tgz 0ms (cache hit)
npm http cache is-extglob@https://registry.npmjs.org/is-extglob/-/is-extglob-2.1.1.tgz 0ms (cache hit)
npm http cache resolve-from@https://registry.npmjs.org/resolve-from/-/resolve-from-4.0.0.tgz 0ms (cache hit)
npm http cache parent-module@https://registry.npmjs.org/parent-module/-/parent-module-1.0.1.tgz 0ms (cache hit)
npm http cache type-fest@https://registry.npmjs.org/type-fest/-/type-fest-0.20.2.tgz 0ms (cache hit)
npm http cache signal-exit@https://registry.npmjs.org/signal-exit/-/signal-exit-4.1.0.tgz 0ms (cache hit)
npm http cache jackspeak@https://registry.npmjs.org/jackspeak/-/jackspeak-2.3.6.tgz 0ms (cache hit)
npm http cache path-scurry@https://registry.npmjs.org/path-scurry/-/path-scurry-1.11.1.tgz 0ms (cache hit)
npm http cache foreground-child@https://registry.npmjs.org/foreground-child/-/foreground-child-3.3.1.tgz 0ms (cache hit)
npm http cache resolve-pkg-maps@https://registry.npmjs.org/resolve-pkg-maps/-/resolve-pkg-maps-1.0.0.tgz 0ms (cache hit)
npm http cache dunder-proto@https://registry.npmjs.org/dunder-proto/-/dunder-proto-1.0.1.tgz 0ms (cache hit)
npm http cache minipass@https://registry.npmjs.org/minipass/-/minipass-7.1.3.tgz 0ms (cache hit)
npm http cache functions-have-names@https://registry.npmjs.org/functions-have-names/-/functions-have-names-1.2.3.tgz 0ms (cache hit)
npm http cache is-document.all@https://registry.npmjs.org/is-document.all/-/is-document.all-1.0.0.tgz 0ms (cache hit)
npm http cache tslib@https://registry.npmjs.org/tslib/-/tslib-2.8.1.tgz 0ms (cache hit)
npm http cache motion-utils@https://registry.npmjs.org/motion-utils/-/motion-utils-11.18.1.tgz 0ms (cache hit)
npm http cache motion-dom@https://registry.npmjs.org/motion-dom/-/motion-dom-11.18.1.tgz 0ms (cache hit)
npm http cache rimraf@https://registry.npmjs.org/rimraf/-/rimraf-3.0.2.tgz 0ms (cache hit)
npm http cache keyv@https://registry.npmjs.org/keyv/-/keyv-4.5.4.tgz 0ms (cache hit)
npm http cache flatted@https://registry.npmjs.org/flatted/-/flatted-3.4.2.tgz 0ms (cache hit)
npm http cache path-exists@https://registry.npmjs.org/path-exists/-/path-exists-4.0.0.tgz 0ms (cache hit)
npm http cache flat-cache@https://registry.npmjs.org/flat-cache/-/flat-cache-3.2.0.tgz 0ms (cache hit)
npm http cache locate-path@https://registry.npmjs.org/locate-path/-/locate-path-6.0.0.tgz 0ms (cache hit)
npm http cache reusify@https://registry.npmjs.org/reusify/-/reusify-1.1.0.tgz 0ms (cache hit)
npm http cache acorn-jsx@https://registry.npmjs.org/acorn-jsx/-/acorn-jsx-5.3.2.tgz 0ms (cache hit)
npm http cache acorn@https://registry.npmjs.org/acorn/-/acorn-8.17.0.tgz 0ms (cache hit)
npm http cache esrecurse@https://registry.npmjs.org/esrecurse/-/esrecurse-4.3.0.tgz 0ms (cache hit)
npm http cache iterator.prototype@https://registry.npmjs.org/iterator.prototype/-/iterator.prototype-1.1.5.tgz 0ms (cache hit)
npm http cache string.prototype.repeat@https://registry.npmjs.org/string.prototype.repeat/-/string.prototype.repeat-1.0.0.tgz 0ms (cache hit)
npm http cache string.prototype.matchall@https://registry.npmjs.org/string.prototype.matchall/-/string.prototype.matchall-4.0.12.tgz 0ms (cache hit)
npm http cache prop-types@https://registry.npmjs.org/prop-types/-/prop-types-15.8.1.tgz 0ms (cache hit)
npm http cache object.entries@https://registry.npmjs.org/object.entries/-/object.entries-1.1.9.tgz 0ms (cache hit)
npm http cache array.prototype.tosorted@https://registry.npmjs.org/array.prototype.tosorted/-/array.prototype.tosorted-1.1.4.tgz 0ms (cache hit)
npm http cache es-iterator-helpers@https://registry.npmjs.org/es-iterator-helpers/-/es-iterator-helpers-1.3.3.tgz 0ms (cache hit)
npm http cache estraverse@https://registry.npmjs.org/estraverse/-/estraverse-5.3.0.tgz 0ms (cache hit)
npm http cache array.prototype.findlast@https://registry.npmjs.org/array.prototype.findlast/-/array.prototype.findlast-1.2.5.tgz 0ms (cache hit)
npm http cache string.prototype.includes@https://registry.npmjs.org/string.prototype.includes/-/string.prototype.includes-2.0.1.tgz 0ms (cache hit)
npm http cache language-tags@https://registry.npmjs.org/language-tags/-/language-tags-1.0.9.tgz 0ms (cache hit)
npm http cache jsx-ast-utils@https://registry.npmjs.org/jsx-ast-utils/-/jsx-ast-utils-3.3.5.tgz 0ms (cache hit)
npm http cache emoji-regex@https://registry.npmjs.org/emoji-regex/-/emoji-regex-9.2.2.tgz 0ms (cache hit)
npm http cache damerau-levenshtein@https://registry.npmjs.org/damerau-levenshtein/-/damerau-levenshtein-1.0.8.tgz 0ms (cache hit)
npm http cache axobject-query@https://registry.npmjs.org/axobject-query/-/axobject-query-4.1.0.tgz 0ms (cache hit)
npm http cache ast-types-flow@https://registry.npmjs.org/ast-types-flow/-/ast-types-flow-0.0.8.tgz 0ms (cache hit)
npm http cache axe-core@https://registry.npmjs.org/axe-core/-/axe-core-4.12.1.tgz 0ms (cache hit)
npm http cache aria-query@https://registry.npmjs.org/aria-query/-/aria-query-5.3.2.tgz 0ms (cache hit)
npm http cache is-date-object@https://registry.npmjs.org/is-date-object/-/is-date-object-1.1.0.tgz 0ms (cache hit)
npm http cache is-symbol@https://registry.npmjs.org/is-symbol/-/is-symbol-1.1.1.tgz 0ms (cache hit)
npm http cache es-abstract-get@https://registry.npmjs.org/es-abstract-get/-/es-abstract-get-1.0.0.tgz 0ms (cache hit)
npm http cache has-tostringtag@https://registry.npmjs.org/has-tostringtag/-/has-tostringtag-1.0.2.tgz 0ms (cache hit)
npm http cache possible-typed-array-names@https://registry.npmjs.org/possible-typed-array-names/-/possible-typed-array-names-1.1.0.tgz 0ms (cache hit)
npm http cache which-typed-array@https://registry.npmjs.org/which-typed-array/-/which-typed-array-1.1.22.tgz 0ms (cache hit)
npm http cache unbox-primitive@https://registry.npmjs.org/unbox-primitive/-/unbox-primitive-1.1.0.tgz 0ms (cache hit)
npm http cache typed-array-length@https://registry.npmjs.org/typed-array-length/-/typed-array-length-1.0.8.tgz 0ms (cache hit)
npm http cache typed-array-byte-offset@https://registry.npmjs.org/typed-array-byte-offset/-/typed-array-byte-offset-1.0.4.tgz 0ms (cache hit)
npm http cache typed-array-byte-length@https://registry.npmjs.org/typed-array-byte-length/-/typed-array-byte-length-1.0.3.tgz 0ms (cache hit)
npm http cache typed-array-buffer@https://registry.npmjs.org/typed-array-buffer/-/typed-array-buffer-1.0.3.tgz 0ms (cache hit)
npm http cache string.prototype.trimstart@https://registry.npmjs.org/string.prototype.trimstart/-/string.prototype.trimstart-1.0.8.tgz 0ms (cache hit)
npm http cache string.prototype.trim@https://registry.npmjs.org/string.prototype.trim/-/string.prototype.trim-1.2.11.tgz 0ms (cache hit)
npm http cache set-proto@https://registry.npmjs.org/set-proto/-/set-proto-1.0.0.tgz 0ms (cache hit)
npm http cache stop-iteration-iterator@https://registry.npmjs.org/stop-iteration-iterator/-/stop-iteration-iterator-1.1.0.tgz 0ms (cache hit)
npm http cache safe-regex-test@https://registry.npmjs.org/safe-regex-test/-/safe-regex-test-1.1.0.tgz 0ms (cache hit)
npm http cache safe-push-apply@https://registry.npmjs.org/safe-push-apply/-/safe-push-apply-1.0.0.tgz 0ms (cache hit)
npm http cache safe-array-concat@https://registry.npmjs.org/safe-array-concat/-/safe-array-concat-1.1.4.tgz 0ms (cache hit)
npm http cache regexp.prototype.flags@https://registry.npmjs.org/regexp.prototype.flags/-/regexp.prototype.flags-1.5.4.tgz 0ms (cache hit)
npm http cache own-keys@https://registry.npmjs.org/own-keys/-/own-keys-1.0.1.tgz 0ms (cache hit)
npm http cache object.assign@https://registry.npmjs.org/object.assign/-/object.assign-4.1.7.tgz 0ms (cache hit)
npm http cache object-inspect@https://registry.npmjs.org/object-inspect/-/object-inspect-1.13.4.tgz 0ms (cache hit)
npm http cache is-weakref@https://registry.npmjs.org/is-weakref/-/is-weakref-1.1.1.tgz 0ms (cache hit)
npm http cache is-typed-array@https://registry.npmjs.org/is-typed-array/-/is-typed-array-1.1.15.tgz 0ms (cache hit)
npm http cache is-set@https://registry.npmjs.org/is-set/-/is-set-2.0.3.tgz 0ms (cache hit)
npm http cache is-regex@https://registry.npmjs.org/is-regex/-/is-regex-1.2.1.tgz 0ms (cache hit)
npm http cache is-negative-zero@https://registry.npmjs.org/is-negative-zero/-/is-negative-zero-2.0.3.tgz 0ms (cache hit)
npm http cache is-callable@https://registry.npmjs.org/is-callable/-/is-callable-1.2.7.tgz 0ms (cache hit)
npm http cache is-data-view@https://registry.npmjs.org/is-data-view/-/is-data-view-1.0.2.tgz 0ms (cache hit)
npm http cache is-array-buffer@https://registry.npmjs.org/is-array-buffer/-/is-array-buffer-3.0.5.tgz 0ms (cache hit)
npm http cache internal-slot@https://registry.npmjs.org/internal-slot/-/internal-slot-1.1.0.tgz 0ms (cache hit)
npm http cache has-symbols@https://registry.npmjs.org/has-symbols/-/has-symbols-1.1.0.tgz 1ms (cache hit)
npm http cache has-proto@https://registry.npmjs.org/has-proto/-/has-proto-1.2.0.tgz 0ms (cache hit)
npm http cache is-shared-array-buffer@https://registry.npmjs.org/is-shared-array-buffer/-/is-shared-array-buffer-1.0.4.tgz 0ms (cache hit)
npm http cache globalthis@https://registry.npmjs.org/globalthis/-/globalthis-1.0.4.tgz 0ms (cache hit)
npm http cache get-symbol-description@https://registry.npmjs.org/get-symbol-description/-/get-symbol-description-1.1.0.tgz 0ms (cache hit)
npm http cache get-proto@https://registry.npmjs.org/get-proto/-/get-proto-1.0.1.tgz 0ms (cache hit)
npm http cache function.prototype.name@https://registry.npmjs.org/function.prototype.name/-/function.prototype.name-1.2.0.tgz 0ms (cache hit)
npm http cache es-to-primitive@https://registry.npmjs.org/es-to-primitive/-/es-to-primitive-1.3.4.tgz 0ms (cache hit)
npm http cache es-set-tostringtag@https://registry.npmjs.org/es-set-tostringtag/-/es-set-tostringtag-2.1.0.tgz 0ms (cache hit)
npm http cache data-view-byte-offset@https://registry.npmjs.org/data-view-byte-offset/-/data-view-byte-offset-1.0.1.tgz 0ms (cache hit)
npm http cache data-view-buffer@https://registry.npmjs.org/data-view-buffer/-/data-view-buffer-1.0.2.tgz 0ms (cache hit)
npm http cache available-typed-arrays@https://registry.npmjs.org/available-typed-arrays/-/available-typed-arrays-1.0.7.tgz 0ms (cache hit)
npm http cache arraybuffer.prototype.slice@https://registry.npmjs.org/arraybuffer.prototype.slice/-/arraybuffer.prototype.slice-1.0.4.tgz 0ms (cache hit)
npm http cache array-buffer-byte-length@https://registry.npmjs.org/array-buffer-byte-length/-/array-buffer-byte-length-1.0.2.tgz 0ms (cache hit)
npm http cache object-keys@https://registry.npmjs.org/object-keys/-/object-keys-1.1.1.tgz 0ms (cache hit)
npm http cache gopd@https://registry.npmjs.org/gopd/-/gopd-1.2.0.tgz 0ms (cache hit)
npm http cache data-view-byte-length@https://registry.npmjs.org/data-view-byte-length/-/data-view-byte-length-1.0.2.tgz 0ms (cache hit)
npm http cache has-property-descriptors@https://registry.npmjs.org/has-property-descriptors/-/has-property-descriptors-1.0.2.tgz 0ms (cache hit)
npm http cache define-data-property@https://registry.npmjs.org/define-data-property/-/define-data-property-1.1.4.tgz 0ms (cache hit)
npm http cache call-bind-apply-helpers@https://registry.npmjs.org/call-bind-apply-helpers/-/call-bind-apply-helpers-1.0.2.tgz 0ms (cache hit)
npm http cache set-function-length@https://registry.npmjs.org/set-function-length/-/set-function-length-1.2.2.tgz 0ms (cache hit)
npm http cache function-bind@https://registry.npmjs.org/function-bind/-/function-bind-1.1.2.tgz 0ms (cache hit)
npm http cache es-define-property@https://registry.npmjs.org/es-define-property/-/es-define-property-1.0.1.tgz 0ms (cache hit)
npm http cache es-shim-unscopables@https://registry.npmjs.org/es-shim-unscopables/-/es-shim-unscopables-1.1.0.tgz 0ms (cache hit)
npm http cache es-errors@https://registry.npmjs.org/es-errors/-/es-errors-1.3.0.tgz 0ms (cache hit)
npm http cache math-intrinsics@https://registry.npmjs.org/math-intrinsics/-/math-intrinsics-1.1.0.tgz 0ms (cache hit)
npm http cache get-intrinsic@https://registry.npmjs.org/get-intrinsic/-/get-intrinsic-1.3.0.tgz 0ms (cache hit)
npm http cache is-string@https://registry.npmjs.org/is-string/-/is-string-1.1.1.tgz 0ms (cache hit)
npm http cache es-object-atoms@https://registry.npmjs.org/es-object-atoms/-/es-object-atoms-1.1.2.tgz 0ms (cache hit)
npm http cache define-properties@https://registry.npmjs.org/define-properties/-/define-properties-1.2.1.tgz 0ms (cache hit)
npm http cache es-abstract@https://registry.npmjs.org/es-abstract/-/es-abstract-1.24.2.tgz 0ms (cache hit)
npm http cache call-bound@https://registry.npmjs.org/call-bound/-/call-bound-1.0.4.tgz 0ms (cache hit)
npm http cache call-bind@https://registry.npmjs.org/call-bind/-/call-bind-1.0.9.tgz 0ms (cache hit)
npm http cache tsconfig-paths@https://registry.npmjs.org/tsconfig-paths/-/tsconfig-paths-3.15.0.tgz 0ms (cache hit)
npm http cache string.prototype.trimend@https://registry.npmjs.org/string.prototype.trimend/-/string.prototype.trimend-1.0.10.tgz 0ms (cache hit)
npm http cache object.values@https://registry.npmjs.org/object.values/-/object.values-1.2.1.tgz 0ms (cache hit)
npm http cache object.fromentries@https://registry.npmjs.org/object.fromentries/-/object.fromentries-2.0.8.tgz 0ms (cache hit)
npm http cache object.groupby@https://registry.npmjs.org/object.groupby/-/object.groupby-1.0.3.tgz 0ms (cache hit)
npm http cache hasown@https://registry.npmjs.org/hasown/-/hasown-2.0.4.tgz 0ms (cache hit)
npm http cache eslint-module-utils@https://registry.npmjs.org/eslint-module-utils/-/eslint-module-utils-2.14.0.tgz 0ms (cache hit)
npm http cache array.prototype.flat@https://registry.npmjs.org/array.prototype.flat/-/array.prototype.flat-1.3.3.tgz 0ms (cache hit)
npm http cache array.prototype.flatmap@https://registry.npmjs.org/array.prototype.flatmap/-/array.prototype.flatmap-1.3.3.tgz 0ms (cache hit)
npm http cache array.prototype.findlastindex@https://registry.npmjs.org/array.prototype.findlastindex/-/array.prototype.findlastindex-1.2.6.tgz 0ms (cache hit)
npm http cache array-includes@https://registry.npmjs.org/array-includes/-/array-includes-3.1.9.tgz 0ms (cache hit)
npm http cache unrs-resolver@https://registry.npmjs.org/unrs-resolver/-/unrs-resolver-1.12.2.tgz 0ms (cache hit)
npm http cache @rtsao/scc@https://registry.npmjs.org/@rtsao/scc/-/scc-1.1.0.tgz 0ms (cache hit)
npm http cache stable-hash@https://registry.npmjs.org/stable-hash/-/stable-hash-0.0.5.tgz 0ms (cache hit)
npm http cache @nolyfill/is-core-module@https://registry.npmjs.org/@nolyfill/is-core-module/-/is-core-module-1.0.39.tgz 0ms (cache hit)
npm http cache is-bun-module@https://registry.npmjs.org/is-bun-module/-/is-bun-module-2.0.0.tgz 0ms (cache hit)
npm http cache get-tsconfig@https://registry.npmjs.org/get-tsconfig/-/get-tsconfig-4.14.0.tgz 0ms (cache hit)
npm http cache resolve@https://registry.npmjs.org/resolve/-/resolve-2.0.0-next.7.tgz 0ms (cache hit)
npm http cache is-core-module@https://registry.npmjs.org/is-core-module/-/is-core-module-2.16.2.tgz 0ms (cache hit)
npm http cache tinyglobby@https://registry.npmjs.org/tinyglobby/-/tinyglobby-0.2.17.tgz 0ms (cache hit)
npm http cache @typescript-eslint/project-service@https://registry.npmjs.org/@typescript-eslint/project-service/-/project-service-8.63.0.tgz 0ms (cache hit)
npm http cache @typescript-eslint/tsconfig-utils@https://registry.npmjs.org/@typescript-eslint/tsconfig-utils/-/tsconfig-utils-8.63.0.tgz 0ms (cache hit)
npm http cache semver@https://registry.npmjs.org/semver/-/semver-7.8.5.tgz 0ms (cache hit)
npm http cache @typescript-eslint/types@https://registry.npmjs.org/@typescript-eslint/types/-/types-8.63.0.tgz 0ms (cache hit)
npm http cache @typescript-eslint/typescript-estree@https://registry.npmjs.org/@typescript-eslint/typescript-estree/-/typescript-estree-8.63.0.tgz 0ms (cache hit)
npm http cache ts-api-utils@https://registry.npmjs.org/ts-api-utils/-/ts-api-utils-2.5.0.tgz 0ms (cache hit)
npm http cache @typescript-eslint/type-utils@https://registry.npmjs.org/@typescript-eslint/type-utils/-/type-utils-8.63.0.tgz 0ms (cache hit)
npm http cache @typescript-eslint/visitor-keys@https://registry.npmjs.org/@typescript-eslint/visitor-keys/-/visitor-keys-8.63.0.tgz 0ms (cache hit)
npm http cache @typescript-eslint/utils@https://registry.npmjs.org/@typescript-eslint/utils/-/utils-8.63.0.tgz 0ms (cache hit)
npm http cache glob@https://registry.npmjs.org/glob/-/glob-10.3.10.tgz 0ms (cache hit)
npm http cache eslint-plugin-react-hooks@https://registry.npmjs.org/eslint-plugin-react-hooks/-/eslint-plugin-react-hooks-5.0.0-canary-7118f5dd7-20230705.tgz 0ms (cache hit)
npm http cache eslint-plugin-react@https://registry.npmjs.org/eslint-plugin-react/-/eslint-plugin-react-7.37.5.tgz 0ms (cache hit)
npm http cache @typescript-eslint/scope-manager@https://registry.npmjs.org/@typescript-eslint/scope-manager/-/scope-manager-8.63.0.tgz 0ms (cache hit)
npm http cache eslint-plugin-import@https://registry.npmjs.org/eslint-plugin-import/-/eslint-plugin-import-2.32.0.tgz 0ms (cache hit)
npm http cache eslint-plugin-jsx-a11y@https://registry.npmjs.org/eslint-plugin-jsx-a11y/-/eslint-plugin-jsx-a11y-6.10.2.tgz 0ms (cache hit)
npm http cache eslint-import-resolver-typescript@https://registry.npmjs.org/eslint-import-resolver-typescript/-/eslint-import-resolver-typescript-3.10.1.tgz 0ms (cache hit)
npm http cache @typescript-eslint/parser@https://registry.npmjs.org/@typescript-eslint/parser/-/parser-8.63.0.tgz 0ms (cache hit)
npm http cache eslint-import-resolver-node@https://registry.npmjs.org/eslint-import-resolver-node/-/eslint-import-resolver-node-0.3.10.tgz 0ms (cache hit)
npm http cache @typescript-eslint/eslint-plugin@https://registry.npmjs.org/@typescript-eslint/eslint-plugin/-/eslint-plugin-8.63.0.tgz 0ms (cache hit)
npm http cache @rushstack/eslint-patch@https://registry.npmjs.org/@rushstack/eslint-patch/-/eslint-patch-1.16.1.tgz 0ms (cache hit)
npm http cache @next/eslint-plugin-next@https://registry.npmjs.org/@next/eslint-plugin-next/-/eslint-plugin-next-14.2.15.tgz 0ms (cache hit)
npm http cache ms@https://registry.npmjs.org/ms/-/ms-2.1.3.tgz 0ms (cache hit)
npm http cache which@https://registry.npmjs.org/which/-/which-2.0.2.tgz 0ms (cache hit)
npm http cache path-key@https://registry.npmjs.org/path-key/-/path-key-3.1.1.tgz 0ms (cache hit)
npm http cache color-name@https://registry.npmjs.org/color-name/-/color-name-1.1.4.tgz 0ms (cache hit)
npm http cache shebang-command@https://registry.npmjs.org/shebang-command/-/shebang-command-2.0.0.tgz 0ms (cache hit)
npm http cache color-convert@https://registry.npmjs.org/color-convert/-/color-convert-2.0.1.tgz 0ms (cache hit)
npm http cache uri-js@https://registry.npmjs.org/uri-js/-/uri-js-4.4.1.tgz 0ms (cache hit)
npm http cache supports-color@https://registry.npmjs.org/supports-color/-/supports-color-7.2.0.tgz 0ms (cache hit)
npm http cache ansi-styles@https://registry.npmjs.org/ansi-styles/-/ansi-styles-4.3.0.tgz 0ms (cache hit)
npm http cache json-schema-traverse@https://registry.npmjs.org/json-schema-traverse/-/json-schema-traverse-0.4.1.tgz 0ms (cache hit)
npm http cache fast-json-stable-stringify@https://registry.npmjs.org/fast-json-stable-stringify/-/fast-json-stable-stringify-2.1.0.tgz 0ms (cache hit)
npm http cache run-parallel@https://registry.npmjs.org/run-parallel/-/run-parallel-1.2.0.tgz 0ms (cache hit)
npm http cache @nodelib/fs.stat@https://registry.npmjs.org/@nodelib/fs.stat/-/fs.stat-2.0.5.tgz 0ms (cache hit)
npm http cache @humanwhocodes/object-schema@https://registry.npmjs.org/@humanwhocodes/object-schema/-/object-schema-2.0.3.tgz 0ms (cache hit)
npm http cache @nodelib/fs.scandir@https://registry.npmjs.org/@nodelib/fs.scandir/-/fs.scandir-2.1.5.tgz 0ms (cache hit)
npm http cache strip-json-comments@https://registry.npmjs.org/strip-json-comments/-/strip-json-comments-3.1.1.tgz 0ms (cache hit)
npm http cache fastq@https://registry.npmjs.org/fastq/-/fastq-1.20.1.tgz 0ms (cache hit)
npm http cache import-fresh@https://registry.npmjs.org/import-fresh/-/import-fresh-3.3.1.tgz 0ms (cache hit)
npm http cache strip-ansi@https://registry.npmjs.org/strip-ansi/-/strip-ansi-6.0.1.tgz 0ms (cache hit)
npm http cache text-table@https://registry.npmjs.org/text-table/-/text-table-0.2.0.tgz 0ms (cache hit)
npm http cache optionator@https://registry.npmjs.org/optionator/-/optionator-0.9.4.tgz 0ms (cache hit)
npm http cache natural-compare@https://registry.npmjs.org/natural-compare/-/natural-compare-1.4.0.tgz 0ms (cache hit)
npm http cache minimatch@https://registry.npmjs.org/minimatch/-/minimatch-3.1.5.tgz 1ms (cache hit)
npm http cache lodash.merge@https://registry.npmjs.org/lodash.merge/-/lodash.merge-4.6.2.tgz 0ms (cache hit)
npm http cache json-stable-stringify-without-jsonify@https://registry.npmjs.org/json-stable-stringify-without-jsonify/-/json-stable-stringify-without-jsonify-1.0.1.tgz 0ms (cache hit)
npm http cache js-yaml@https://registry.npmjs.org/js-yaml/-/js-yaml-4.3.0.tgz 0ms (cache hit)
npm http cache levn@https://registry.npmjs.org/levn/-/levn-0.4.1.tgz 0ms (cache hit)
npm http cache is-path-inside@https://registry.npmjs.org/is-path-inside/-/is-path-inside-3.0.3.tgz 0ms (cache hit)
npm http cache is-glob@https://registry.npmjs.org/is-glob/-/is-glob-4.0.3.tgz 0ms (cache hit)
npm http cache imurmurhash@https://registry.npmjs.org/imurmurhash/-/imurmurhash-0.1.4.tgz 0ms (cache hit)
npm http cache graphemer@https://registry.npmjs.org/graphemer/-/graphemer-1.4.0.tgz 0ms (cache hit)
npm http cache ignore@https://registry.npmjs.org/ignore/-/ignore-5.3.2.tgz 0ms (cache hit)
npm http cache glob-parent@https://registry.npmjs.org/glob-parent/-/glob-parent-6.0.2.tgz 0ms (cache hit)
npm http cache globals@https://registry.npmjs.org/globals/-/globals-13.24.0.tgz 0ms (cache hit)
npm http cache find-up@https://registry.npmjs.org/find-up/-/find-up-5.0.0.tgz 0ms (cache hit)
npm http cache file-entry-cache@https://registry.npmjs.org/file-entry-cache/-/file-entry-cache-6.0.1.tgz 0ms (cache hit)
npm http cache fast-deep-equal@https://registry.npmjs.org/fast-deep-equal/-/fast-deep-equal-3.1.3.tgz 0ms (cache hit)
npm http cache esutils@https://registry.npmjs.org/esutils/-/esutils-2.0.3.tgz 0ms (cache hit)
npm http cache esquery@https://registry.npmjs.org/esquery/-/esquery-1.7.0.tgz 0ms (cache hit)
npm http cache eslint-visitor-keys@https://registry.npmjs.org/eslint-visitor-keys/-/eslint-visitor-keys-3.4.3.tgz 0ms (cache hit)
npm http cache espree@https://registry.npmjs.org/espree/-/espree-9.6.1.tgz 0ms (cache hit)
npm http cache escape-string-regexp@https://registry.npmjs.org/escape-string-regexp/-/escape-string-regexp-4.0.0.tgz 0ms (cache hit)
npm http cache eslint-scope@https://registry.npmjs.org/eslint-scope/-/eslint-scope-7.2.2.tgz 0ms (cache hit)
npm http cache doctrine@https://registry.npmjs.org/doctrine/-/doctrine-3.0.0.tgz 0ms (cache hit)
npm http cache debug@https://registry.npmjs.org/debug/-/debug-4.4.3.tgz 0ms (cache hit)
npm http cache ajv@https://registry.npmjs.org/ajv/-/ajv-6.15.0.tgz 0ms (cache hit)
npm http cache cross-spawn@https://registry.npmjs.org/cross-spawn/-/cross-spawn-7.0.6.tgz 0ms (cache hit)
npm http cache @nodelib/fs.walk@https://registry.npmjs.org/@nodelib/fs.walk/-/fs.walk-1.2.8.tgz 0ms (cache hit)
npm http cache chalk@https://registry.npmjs.org/chalk/-/chalk-4.1.2.tgz 0ms (cache hit)
npm http cache @humanwhocodes/module-importer@https://registry.npmjs.org/@humanwhocodes/module-importer/-/module-importer-1.0.1.tgz 0ms (cache hit)
npm http cache @eslint/js@https://registry.npmjs.org/@eslint/js/-/js-8.57.1.tgz 0ms (cache hit)
npm http cache @ungap/structured-clone@https://registry.npmjs.org/@ungap/structured-clone/-/structured-clone-1.3.2.tgz 0ms (cache hit)
npm http cache @humanwhocodes/config-array@https://registry.npmjs.org/@humanwhocodes/config-array/-/config-array-0.13.0.tgz 0ms (cache hit)
npm http cache @eslint/eslintrc@https://registry.npmjs.org/@eslint/eslintrc/-/eslintrc-2.1.4.tgz 0ms (cache hit)
npm http cache @eslint-community/regexpp@https://registry.npmjs.org/@eslint-community/regexpp/-/regexpp-4.12.2.tgz 0ms (cache hit)
npm http cache @eslint-community/eslint-utils@https://registry.npmjs.org/@eslint-community/eslint-utils/-/eslint-utils-4.9.1.tgz 0ms (cache hit)
npm http cache update-browserslist-db@https://registry.npmjs.org/update-browserslist-db/-/update-browserslist-db-1.2.3.tgz 0ms (cache hit)
npm http cache baseline-browser-mapping@https://registry.npmjs.org/baseline-browser-mapping/-/baseline-browser-mapping-2.10.42.tgz 0ms (cache hit)
npm http cache electron-to-chromium@https://registry.npmjs.org/electron-to-chromium/-/electron-to-chromium-1.5.387.tgz 0ms (cache hit)
npm http cache node-releases@https://registry.npmjs.org/node-releases/-/node-releases-2.0.50.tgz 0ms (cache hit)
npm http cache postcss-value-parser@https://registry.npmjs.org/postcss-value-parser/-/postcss-value-parser-4.2.0.tgz 0ms (cache hit)
npm http cache picocolors@https://registry.npmjs.org/picocolors/-/picocolors-1.1.1.tgz 0ms (cache hit)
npm http cache fraction.js@https://registry.npmjs.org/fraction.js/-/fraction.js-5.3.4.tgz 0ms (cache hit)
npm http cache browserslist@https://registry.npmjs.org/browserslist/-/browserslist-4.28.5.tgz 0ms (cache hit)
npm http cache caniuse-lite@https://registry.npmjs.org/caniuse-lite/-/caniuse-lite-1.0.30001802.tgz 0ms (cache hit)
npm http cache @types/prop-types@https://registry.npmjs.org/@types/prop-types/-/prop-types-15.7.15.tgz 0ms (cache hit)
npm http cache csstype@https://registry.npmjs.org/csstype/-/csstype-3.2.3.tgz 0ms (cache hit)
npm http cache undici-types@https://registry.npmjs.org/undici-types/-/undici-types-6.21.0.tgz 0ms (cache hit)
npm http cache typescript@https://registry.npmjs.org/typescript/-/typescript-5.9.3.tgz 0ms (cache hit)
npm http cache tailwindcss@https://registry.npmjs.org/tailwindcss/-/tailwindcss-3.4.19.tgz 0ms (cache hit)
npm http cache next@https://registry.npmjs.org/next/-/next-14.2.15.tgz 0ms (cache hit)
npm http cache react-dom@https://registry.npmjs.org/react-dom/-/react-dom-18.3.1.tgz 0ms (cache hit)
npm http cache framer-motion@https://registry.npmjs.org/framer-motion/-/framer-motion-11.18.2.tgz 0ms (cache hit)
npm http cache lucide-react@https://registry.npmjs.org/lucide-react/-/lucide-react-0.469.0.tgz 0ms (cache hit)
npm http cache eslint-config-next@https://registry.npmjs.org/eslint-config-next/-/eslint-config-next-14.2.15.tgz 0ms (cache hit)
npm http cache react@https://registry.npmjs.org/react/-/react-18.3.1.tgz 0ms (cache hit)
npm http cache eslint@https://registry.npmjs.org/eslint/-/eslint-8.57.1.tgz 0ms (cache hit)
npm http cache autoprefixer@https://registry.npmjs.org/autoprefixer/-/autoprefixer-10.5.2.tgz 0ms (cache hit)
npm http cache postcss@https://registry.npmjs.org/postcss/-/postcss-8.5.16.tgz 0ms (cache hit)
npm http cache @types/react@https://registry.npmjs.org/@types/react/-/react-18.3.31.tgz 0ms (cache hit)
npm http cache @types/node@https://registry.npmjs.org/@types/node/-/node-22.20.0.tgz 0ms (cache hit)
npm http cache @types/react-dom@https://registry.npmjs.org/@types/react-dom/-/react-dom-18.3.7.tgz 1ms (cache hit)
npm http cache resolve@https://registry.npmjs.org/resolve/-/resolve-1.22.12.tgz 0ms (cache hit)
npm http cache glob-parent@https://registry.npmjs.org/glob-parent/-/glob-parent-5.1.2.tgz 0ms (cache hit)
npm http cache glob-parent@https://registry.npmjs.org/glob-parent/-/glob-parent-5.1.2.tgz 0ms (cache hit)
npm http cache emoji-regex@https://registry.npmjs.org/emoji-regex/-/emoji-regex-8.0.0.tgz 0ms (cache hit)
npm http cache ansi-regex@https://registry.npmjs.org/ansi-regex/-/ansi-regex-6.2.2.tgz 0ms (cache hit)
npm http cache string-width@https://registry.npmjs.org/string-width/-/string-width-4.2.3.tgz 0ms (cache hit)
npm http cache semver@https://registry.npmjs.org/semver/-/semver-6.3.1.tgz 0ms (cache hit)
npm http cache strip-ansi@https://registry.npmjs.org/strip-ansi/-/strip-ansi-7.2.0.tgz 0ms (cache hit)
npm http cache ansi-styles@https://registry.npmjs.org/ansi-styles/-/ansi-styles-6.2.3.tgz 0ms (cache hit)
npm http cache emoji-regex@https://registry.npmjs.org/emoji-regex/-/emoji-regex-8.0.0.tgz 0ms (cache hit)
npm http cache strip-ansi@https://registry.npmjs.org/strip-ansi/-/strip-ansi-7.2.0.tgz 0ms (cache hit)
npm http cache ansi-regex@https://registry.npmjs.org/ansi-regex/-/ansi-regex-6.2.2.tgz 0ms (cache hit)
npm http cache ansi-regex@https://registry.npmjs.org/ansi-regex/-/ansi-regex-6.2.2.tgz 0ms (cache hit)
npm http cache strip-ansi@https://registry.npmjs.org/strip-ansi/-/strip-ansi-7.2.0.tgz 0ms (cache hit)
npm http cache glob@https://registry.npmjs.org/glob/-/glob-7.2.3.tgz 0ms (cache hit)
npm http cache picomatch@https://registry.npmjs.org/picomatch/-/picomatch-4.0.5.tgz 0ms (cache hit)
npm http cache debug@https://registry.npmjs.org/debug/-/debug-3.2.7.tgz 0ms (cache hit)
npm http cache fdir@https://registry.npmjs.org/fdir/-/fdir-6.5.0.tgz 0ms (cache hit)
npm http cache balanced-match@https://registry.npmjs.org/balanced-match/-/balanced-match-4.0.4.tgz 0ms (cache hit)
npm http cache brace-expansion@https://registry.npmjs.org/brace-expansion/-/brace-expansion-5.0.7.tgz 0ms (cache hit)
npm http cache eslint-visitor-keys@https://registry.npmjs.org/eslint-visitor-keys/-/eslint-visitor-keys-5.0.1.tgz 0ms (cache hit)
npm http cache brace-expansion@https://registry.npmjs.org/brace-expansion/-/brace-expansion-2.1.1.tgz 0ms (cache hit)
npm http cache minimatch@https://registry.npmjs.org/minimatch/-/minimatch-10.2.5.tgz 0ms (cache hit)
npm http cache minimatch@https://registry.npmjs.org/minimatch/-/minimatch-9.0.9.tgz 0ms (cache hit)
npm http cache doctrine@https://registry.npmjs.org/doctrine/-/doctrine-2.1.0.tgz 0ms (cache hit)
npm http cache semver@https://registry.npmjs.org/semver/-/semver-6.3.1.tgz 0ms (cache hit)
npm http cache semver@https://registry.npmjs.org/semver/-/semver-6.3.1.tgz 0ms (cache hit)
npm http cache doctrine@https://registry.npmjs.org/doctrine/-/doctrine-2.1.0.tgz 0ms (cache hit)
npm http cache debug@https://registry.npmjs.org/debug/-/debug-3.2.7.tgz 0ms (cache hit)
npm http cache debug@https://registry.npmjs.org/debug/-/debug-3.2.7.tgz 0ms (cache hit)
npm http cache ignore@https://registry.npmjs.org/ignore/-/ignore-7.0.5.tgz 0ms (cache hit)
npm http cache resolve@https://registry.npmjs.org/resolve/-/resolve-1.22.12.tgz 0ms (cache hit)
npm http cache postcss@https://registry.npmjs.org/postcss/-/postcss-8.4.31.tgz 0ms (cache hit)
npm warn deprecated inflight@1.0.6: This module is not supported, and leaks memory. Do not use it. Check out lru-cache if you want a good and tested way to coalesce async requests by a key value, which is much more comprehensive and powerful.
npm warn deprecated @humanwhocodes/config-array@0.13.0: Use @eslint/config-array instead
npm warn deprecated rimraf@3.0.2: Rimraf versions prior to v4 are no longer supported
npm warn deprecated glob@7.2.3: Old versions of glob are not supported, and contain widely publicized security vulnerabilities, which have been fixed in the current version. Please update. Support for old versions may be purchased (at exorbitant rates) by contacting i@izs.me
npm warn deprecated @humanwhocodes/object-schema@2.0.3: Use @eslint/object-schema instead
npm warn deprecated glob@10.3.10: Old versions of glob are not supported, and contain widely publicized security vulnerabilities, which have been fixed in the current version. Please update. Support for old versions may be purchased (at exorbitant rates) by contacting i@izs.me
npm warn deprecated eslint@8.57.1: This version is no longer supported. Please see https://eslint.org/version-support for other options.
npm http fetch GET 200 https://registry.npmjs.org/next/-/next-14.2.15.tgz 63608ms (cache miss)
npm warn deprecated next@14.2.15: This version has a security vulnerability. Please upgrade to a patched version. See https://nextjs.org/blog/security-update-2025-12-11 for more details.
npm http fetch GET 200 https://registry.npmjs.org/@next/swc-linux-x64-gnu/-/swc-linux-x64-gnu-14.2.15.tgz 114003ms (cache miss)
npm info run unrs-resolver@1.12.2 postinstall node_modules/unrs-resolver node postinstall.js
npm info run unrs-resolver@1.12.2 postinstall { code: 0, signal: null }

added 394 packages in 3m
npm verbose cwd /home/lumi/Documents/techwithlumi
npm verbose os Linux 7.0.0-27-generic
npm verbose node v24.16.0
npm verbose npm  v11.13.0
npm verbose exit 0
npm info ok
